C:\Program Files (x86)\Microsoft Visual Studio\2019\Community\MSBuild\Microsoft\VC\v160\Microsoft.CppBuild.targets(1097,5): warning MSB8027: Two or more files with the name of gen.cpp will produce outputs to the same location. This can lead to an incorrect build result.  The files involved are gen.cpp, src\gen.cpp.
  main.cpp
C:\Users\Minh\Desktop\Parallel Computing\src\main.cpp(52,27): warning C4996: 'ctime': This function or variable may be unsafe. Consider using ctime_s instead. To disable deprecation, use _CRT_SECURE_NO_WARNINGS. See online help for details.
C:\Users\Minh\Desktop\Parallel Computing\src\naive_openmp.h(52,30): warning C4018: '<': signed/unsigned mismatch
C:\Users\Minh\Desktop\Parallel Computing\src\naive_openmp.h(49): message : while compiling class template member function 'void NaiveOpenMp<int>::transpose_helper(size_t,size_t,size_t,size_t,const Matrix<T,int> &,Matrix<T,int> &) const'
          with
          [
              T=int
          ]
C:\Users\Minh\Desktop\Parallel Computing\src\naive_openmp.h(43): message : see reference to function template instantiation 'void NaiveOpenMp<int>::transpose_helper(size_t,size_t,size_t,size_t,const Matrix<T,int> &,Matrix<T,int> &) const' being compiled
          with
          [
              T=int
          ]
C:\Users\Minh\Desktop\Parallel Computing\src\main.cpp(59): message : see reference to class template instantiation 'NaiveOpenMp<int>' being compiled
C:\Users\Minh\Desktop\Parallel Computing\src\naive_openmp.h(53,31): warning C4018: '<': signed/unsigned mismatch
  naive_openmp.cpp
  strassen_dac.cpp
C:\Users\Minh\Desktop\Parallel Computing\strassen_dac.cpp(1,10): fatal error C1083: Cannot open include file: 'bits/stdc++.h': No such file or directory
  strassen_dac_lazy-padding.cpp
C:\Users\Minh\Desktop\Parallel Computing\strassen_dac_lazy-padding.cpp(1,10): fatal error C1083: Cannot open include file: 'bits/stdc++.h': No such file or directory
  Generating Code...
